714  [JavaFX Application Thread] INFO  b.j.controllers.LoginController - LoginController initialized
9222 [JavaFX Application Thread] INFO  b.j.controllers.EmployeesController - EmployeesController initialized
978  [JavaFX Application Thread] INFO  b.j.controllers.LoginController - LoginController initialized
11207 [JavaFX Application Thread] INFO  b.j.controllers.EmployeesController - EmployeesController initialized
689  [JavaFX Application Thread] INFO  b.j.controllers.LoginController - LoginController initialized
695  [JavaFX Application Thread] INFO  b.j.controllers.LoginController - LoginController initialized
731  [JavaFX Application Thread] INFO  b.j.controllers.LoginController - LoginController initialized
708  [JavaFX Application Thread] INFO  b.j.controllers.LoginController - LoginController initialized
690  [JavaFX Application Thread] INFO  b.j.controllers.LoginController - LoginController initialized
660  [JavaFX Application Thread] INFO  b.j.controllers.LoginController - LoginController initialized
653  [JavaFX Application Thread] INFO  b.j.controllers.LoginController - LoginController initialized
676  [JavaFX Application Thread] INFO  b.j.controllers.LoginController - LoginController initialized
674  [JavaFX Application Thread] INFO  b.j.controllers.LoginController - LoginController initialized
672  [JavaFX Application Thread] INFO  b.j.controllers.LoginController - LoginController initialized
669  [JavaFX Application Thread] INFO  b.j.controllers.LoginController - LoginController initialized
648  [JavaFX Application Thread] INFO  b.j.controllers.LoginController - LoginController initialized
737  [JavaFX Application Thread] INFO  b.j.controllers.LoginController - LoginController initialized
817  [JavaFX Application Thread] INFO  b.j.controllers.LoginController - LoginController initialized
717  [JavaFX Application Thread] INFO  b.j.controllers.LoginController - LoginController initialized
744  [JavaFX Application Thread] INFO  b.j.controllers.LoginController - LoginController initialized
697  [JavaFX Application Thread] INFO  b.j.controllers.LoginController - LoginController initialized
911  [JavaFX Application Thread] INFO  b.j.controllers.LoginController - LoginController initialized
703  [JavaFX Application Thread] INFO  b.j.controllers.LoginController - LoginController initialized
12820 [JavaFX Application Thread] INFO  b.j.controllers.EmployeesController - EmployeesController initialized
647  [JavaFX Application Thread] INFO  b.j.controllers.LoginController - LoginController initialized
766  [JavaFX Application Thread] INFO  b.j.controllers.LoginController - LoginController initialized
716  [JavaFX Application Thread] INFO  b.j.controllers.LoginController - LoginController initialized
752  [JavaFX Application Thread] INFO  b.j.controllers.LoginController - LoginController initialized
752  [JavaFX Application Thread] INFO  b.j.controllers.LoginController - LoginController initialized
11604 [JavaFX Application Thread] INFO  b.j.controllers.EmployeesController - EmployeesController initialized
896  [JavaFX Application Thread] INFO  b.j.controllers.LoginController - LoginController initialized
790  [JavaFX Application Thread] INFO  b.j.controllers.LoginController - LoginController initialized
15163 [JavaFX Application Thread] INFO  b.j.controllers.EmployeesController - EmployeesController initialized
779  [JavaFX Application Thread] INFO  b.j.controllers.LoginController - LoginController initialized
794  [JavaFX Application Thread] INFO  b.j.controllers.LoginController - LoginController initialized
812  [JavaFX Application Thread] INFO  b.j.controllers.LoginController - LoginController initialized
839  [JavaFX Application Thread] INFO  b.j.controllers.LoginController - LoginController initialized
484  [JavaFX Application Thread] ERROR b.j.controllers.LoginController - 
/C:/all/VUT-ukoly/T%c5%99et%c3%ad%20semestr/BDS/projekt3/car_factory/target/classes/bds.javafx/App.fxml:57

javafx.fxml.LoadException: 
/C:/all/VUT-ukoly/T%c5%99et%c3%ad%20semestr/BDS/projekt3/car_factory/target/classes/bds.javafx/App.fxml:57

	at javafx.fxml.FXMLLoader.constructLoadException(FXMLLoader.java:2707)
	at javafx.fxml.FXMLLoader.loadImpl(FXMLLoader.java:2685)
	at javafx.fxml.FXMLLoader.loadImpl(FXMLLoader.java:2548)
	at javafx.fxml.FXMLLoader.load(FXMLLoader.java:2516)
	at bds.javafx.App.start(App.java:28)
	at com.sun.javafx.application.LauncherImpl.lambda$launchApplication1$9(LauncherImpl.java:847)
	at com.sun.javafx.application.PlatformImpl.lambda$runAndWait$12(PlatformImpl.java:484)
	at com.sun.javafx.application.PlatformImpl.lambda$runLater$10(PlatformImpl.java:457)
	at java.base/java.security.AccessController.doPrivileged(AccessController.java:399)
	at com.sun.javafx.application.PlatformImpl.lambda$runLater$11(PlatformImpl.java:456)
	at com.sun.glass.ui.InvokeLaterDispatcher$Future.run(InvokeLaterDispatcher.java:96)
	at com.sun.glass.ui.win.WinApplication._runLoop(Native Method)
	at com.sun.glass.ui.win.WinApplication.lambda$runLoop$3(WinApplication.java:184)
	at java.base/java.lang.Thread.run(Thread.java:833)
Caused by: java.lang.IllegalArgumentException: Can not set javafx.scene.control.Button field bds.javafx.controllers.LoginController.exitButton to javafx.scene.control.Label
	at java.base/jdk.internal.reflect.UnsafeFieldAccessorImpl.throwSetIllegalArgumentException(UnsafeFieldAccessorImpl.java:167)
	at java.base/jdk.internal.reflect.UnsafeFieldAccessorImpl.throwSetIllegalArgumentException(UnsafeFieldAccessorImpl.java:171)
	at java.base/jdk.internal.reflect.UnsafeObjectFieldAccessorImpl.set(UnsafeObjectFieldAccessorImpl.java:81)
	at java.base/java.lang.reflect.Field.set(Field.java:799)
	at javafx.fxml.FXMLLoader.injectFields(FXMLLoader.java:1173)
	at javafx.fxml.FXMLLoader$ValueElement.processValue(FXMLLoader.java:868)
	at javafx.fxml.FXMLLoader$ValueElement.processStartElement(FXMLLoader.java:762)
	at javafx.fxml.FXMLLoader.processStartElement(FXMLLoader.java:2808)
	at javafx.fxml.FXMLLoader.loadImpl(FXMLLoader.java:2634)
	... 12 common frames omitted
742  [JavaFX Application Thread] INFO  b.j.controllers.LoginController - LoginController initialized
813  [JavaFX Application Thread] INFO  b.j.controllers.LoginController - LoginController initialized
781  [JavaFX Application Thread] INFO  b.j.controllers.LoginController - LoginController initialized
489  [JavaFX Application Thread] ERROR b.j.controllers.LoginController - Error resolving onMouseClicked='#handleClose', either the event handler is not in the Namespace or there is an error in the script.
/C:/all/VUT-ukoly/T%c5%99et%c3%ad%20semestr/BDS/projekt3/car_factory/target/classes/bds.javafx/App.fxml:50

javafx.fxml.LoadException: Error resolving onMouseClicked='#handleClose', either the event handler is not in the Namespace or there is an error in the script.
/C:/all/VUT-ukoly/T%c5%99et%c3%ad%20semestr/BDS/projekt3/car_factory/target/classes/bds.javafx/App.fxml:50

	at javafx.fxml.FXMLLoader.constructLoadException(FXMLLoader.java:2703)
	at javafx.fxml.FXMLLoader$Element.processEventHandlerAttributes(FXMLLoader.java:621)
	at javafx.fxml.FXMLLoader$ValueElement.processEndElement(FXMLLoader.java:781)
	at javafx.fxml.FXMLLoader.processEndElement(FXMLLoader.java:2924)
	at javafx.fxml.FXMLLoader.loadImpl(FXMLLoader.java:2639)
	at javafx.fxml.FXMLLoader.loadImpl(FXMLLoader.java:2548)
	at javafx.fxml.FXMLLoader.load(FXMLLoader.java:2516)
	at bds.javafx.App.start(App.java:28)
	at com.sun.javafx.application.LauncherImpl.lambda$launchApplication1$9(LauncherImpl.java:847)
	at com.sun.javafx.application.PlatformImpl.lambda$runAndWait$12(PlatformImpl.java:484)
	at com.sun.javafx.application.PlatformImpl.lambda$runLater$10(PlatformImpl.java:457)
	at java.base/java.security.AccessController.doPrivileged(AccessController.java:399)
	at com.sun.javafx.application.PlatformImpl.lambda$runLater$11(PlatformImpl.java:456)
	at com.sun.glass.ui.InvokeLaterDispatcher$Future.run(InvokeLaterDispatcher.java:96)
	at com.sun.glass.ui.win.WinApplication._runLoop(Native Method)
	at com.sun.glass.ui.win.WinApplication.lambda$runLoop$3(WinApplication.java:184)
	at java.base/java.lang.Thread.run(Thread.java:833)
549  [JavaFX Application Thread] ERROR b.j.controllers.LoginController - Error resolving onMouseClicked='#handleClose', either the event handler is not in the Namespace or there is an error in the script.
/C:/all/VUT-ukoly/T%c5%99et%c3%ad%20semestr/BDS/projekt3/car_factory/target/classes/bds.javafx/App.fxml:50

javafx.fxml.LoadException: Error resolving onMouseClicked='#handleClose', either the event handler is not in the Namespace or there is an error in the script.
/C:/all/VUT-ukoly/T%c5%99et%c3%ad%20semestr/BDS/projekt3/car_factory/target/classes/bds.javafx/App.fxml:50

	at javafx.fxml.FXMLLoader.constructLoadException(FXMLLoader.java:2703)
	at javafx.fxml.FXMLLoader$Element.processEventHandlerAttributes(FXMLLoader.java:621)
	at javafx.fxml.FXMLLoader$ValueElement.processEndElement(FXMLLoader.java:781)
	at javafx.fxml.FXMLLoader.processEndElement(FXMLLoader.java:2924)
	at javafx.fxml.FXMLLoader.loadImpl(FXMLLoader.java:2639)
	at javafx.fxml.FXMLLoader.loadImpl(FXMLLoader.java:2548)
	at javafx.fxml.FXMLLoader.load(FXMLLoader.java:2516)
	at bds.javafx.App.start(App.java:28)
	at com.sun.javafx.application.LauncherImpl.lambda$launchApplication1$9(LauncherImpl.java:847)
	at com.sun.javafx.application.PlatformImpl.lambda$runAndWait$12(PlatformImpl.java:484)
	at com.sun.javafx.application.PlatformImpl.lambda$runLater$10(PlatformImpl.java:457)
	at java.base/java.security.AccessController.doPrivileged(AccessController.java:399)
	at com.sun.javafx.application.PlatformImpl.lambda$runLater$11(PlatformImpl.java:456)
	at com.sun.glass.ui.InvokeLaterDispatcher$Future.run(InvokeLaterDispatcher.java:96)
	at com.sun.glass.ui.win.WinApplication._runLoop(Native Method)
	at com.sun.glass.ui.win.WinApplication.lambda$runLoop$3(WinApplication.java:184)
	at java.base/java.lang.Thread.run(Thread.java:833)
478  [JavaFX Application Thread] ERROR b.j.controllers.LoginController - Error resolving onMouseClicked='#handleClose', either the event handler is not in the Namespace or there is an error in the script.
/C:/all/VUT-ukoly/T%c5%99et%c3%ad%20semestr/BDS/projekt3/car_factory/target/classes/bds.javafx/App.fxml:50

javafx.fxml.LoadException: Error resolving onMouseClicked='#handleClose', either the event handler is not in the Namespace or there is an error in the script.
/C:/all/VUT-ukoly/T%c5%99et%c3%ad%20semestr/BDS/projekt3/car_factory/target/classes/bds.javafx/App.fxml:50

	at javafx.fxml.FXMLLoader.constructLoadException(FXMLLoader.java:2703)
	at javafx.fxml.FXMLLoader$Element.processEventHandlerAttributes(FXMLLoader.java:621)
	at javafx.fxml.FXMLLoader$ValueElement.processEndElement(FXMLLoader.java:781)
	at javafx.fxml.FXMLLoader.processEndElement(FXMLLoader.java:2924)
	at javafx.fxml.FXMLLoader.loadImpl(FXMLLoader.java:2639)
	at javafx.fxml.FXMLLoader.loadImpl(FXMLLoader.java:2548)
	at javafx.fxml.FXMLLoader.load(FXMLLoader.java:2516)
	at bds.javafx.App.start(App.java:28)
	at com.sun.javafx.application.LauncherImpl.lambda$launchApplication1$9(LauncherImpl.java:847)
	at com.sun.javafx.application.PlatformImpl.lambda$runAndWait$12(PlatformImpl.java:484)
	at com.sun.javafx.application.PlatformImpl.lambda$runLater$10(PlatformImpl.java:457)
	at java.base/java.security.AccessController.doPrivileged(AccessController.java:399)
	at com.sun.javafx.application.PlatformImpl.lambda$runLater$11(PlatformImpl.java:456)
	at com.sun.glass.ui.InvokeLaterDispatcher$Future.run(InvokeLaterDispatcher.java:96)
	at com.sun.glass.ui.win.WinApplication._runLoop(Native Method)
	at com.sun.glass.ui.win.WinApplication.lambda$runLoop$3(WinApplication.java:184)
	at java.base/java.lang.Thread.run(Thread.java:833)
538  [JavaFX Application Thread] ERROR b.j.controllers.LoginController - Error resolving onMouseClicked='#handleClose', either the event handler is not in the Namespace or there is an error in the script.
/C:/all/VUT-ukoly/T%c5%99et%c3%ad%20semestr/BDS/projekt3/car_factory/target/classes/bds.javafx/App.fxml:50

javafx.fxml.LoadException: Error resolving onMouseClicked='#handleClose', either the event handler is not in the Namespace or there is an error in the script.
/C:/all/VUT-ukoly/T%c5%99et%c3%ad%20semestr/BDS/projekt3/car_factory/target/classes/bds.javafx/App.fxml:50

	at javafx.fxml.FXMLLoader.constructLoadException(FXMLLoader.java:2703)
	at javafx.fxml.FXMLLoader$Element.processEventHandlerAttributes(FXMLLoader.java:621)
	at javafx.fxml.FXMLLoader$ValueElement.processEndElement(FXMLLoader.java:781)
	at javafx.fxml.FXMLLoader.processEndElement(FXMLLoader.java:2924)
	at javafx.fxml.FXMLLoader.loadImpl(FXMLLoader.java:2639)
	at javafx.fxml.FXMLLoader.loadImpl(FXMLLoader.java:2548)
	at javafx.fxml.FXMLLoader.load(FXMLLoader.java:2516)
	at bds.javafx.App.start(App.java:28)
	at com.sun.javafx.application.LauncherImpl.lambda$launchApplication1$9(LauncherImpl.java:847)
	at com.sun.javafx.application.PlatformImpl.lambda$runAndWait$12(PlatformImpl.java:484)
	at com.sun.javafx.application.PlatformImpl.lambda$runLater$10(PlatformImpl.java:457)
	at java.base/java.security.AccessController.doPrivileged(AccessController.java:399)
	at com.sun.javafx.application.PlatformImpl.lambda$runLater$11(PlatformImpl.java:456)
	at com.sun.glass.ui.InvokeLaterDispatcher$Future.run(InvokeLaterDispatcher.java:96)
	at com.sun.glass.ui.win.WinApplication._runLoop(Native Method)
	at com.sun.glass.ui.win.WinApplication.lambda$runLoop$3(WinApplication.java:184)
	at java.base/java.lang.Thread.run(Thread.java:833)
666  [JavaFX Application Thread] INFO  b.j.controllers.LoginController - LoginController initialized
911  [JavaFX Application Thread] INFO  b.j.controllers.LoginController - LoginController initialized
732  [JavaFX Application Thread] INFO  b.j.controllers.LoginController - LoginController initialized
736  [JavaFX Application Thread] INFO  b.j.controllers.LoginController - LoginController initialized
695  [JavaFX Application Thread] INFO  b.j.controllers.LoginController - LoginController initialized
723  [JavaFX Application Thread] INFO  b.j.controllers.LoginController - LoginController initialized
963  [JavaFX Application Thread] INFO  b.j.controllers.LoginController - LoginController initialized
857  [JavaFX Application Thread] INFO  b.j.controllers.LoginController - LoginController initialized
692  [JavaFX Application Thread] INFO  b.j.controllers.LoginController - LoginController initialized
669  [JavaFX Application Thread] INFO  b.j.controllers.LoginController - LoginController initialized
660  [JavaFX Application Thread] INFO  b.j.controllers.LoginController - LoginController initialized
715  [JavaFX Application Thread] INFO  b.j.controllers.LoginController - LoginController initialized
10013 [JavaFX Application Thread] INFO  b.j.controllers.EmployeesController - EmployeesController initialized
690  [JavaFX Application Thread] INFO  b.j.controllers.LoginController - LoginController initialized
988  [JavaFX Application Thread] INFO  b.j.controllers.LoginController - LoginController initialized
869  [JavaFX Application Thread] INFO  b.j.controllers.LoginController - LoginController initialized
1124 [JavaFX Application Thread] INFO  b.j.controllers.LoginController - LoginController initialized
849  [JavaFX Application Thread] INFO  b.j.controllers.LoginController - LoginController initialized
812  [JavaFX Application Thread] INFO  b.j.controllers.LoginController - LoginController initialized
835  [JavaFX Application Thread] INFO  b.j.controllers.LoginController - LoginController initialized
259  [JavaFX Application Thread] ERROR b.j.controllers.LoginController - Root cannot be null
java.lang.NullPointerException: Root cannot be null
	at javafx.scene.Scene.<init>(Scene.java:348)
	at javafx.scene.Scene.<init>(Scene.java:210)
	at bds.javafx.App.start(App.java:35)
	at com.sun.javafx.application.LauncherImpl.lambda$launchApplication1$9(LauncherImpl.java:847)
	at com.sun.javafx.application.PlatformImpl.lambda$runAndWait$12(PlatformImpl.java:484)
	at com.sun.javafx.application.PlatformImpl.lambda$runLater$10(PlatformImpl.java:457)
	at java.base/java.security.AccessController.doPrivileged(AccessController.java:399)
	at com.sun.javafx.application.PlatformImpl.lambda$runLater$11(PlatformImpl.java:456)
	at com.sun.glass.ui.InvokeLaterDispatcher$Future.run(InvokeLaterDispatcher.java:96)
	at com.sun.glass.ui.win.WinApplication._runLoop(Native Method)
	at com.sun.glass.ui.win.WinApplication.lambda$runLoop$3(WinApplication.java:184)
	at java.base/java.lang.Thread.run(Thread.java:833)
692  [JavaFX Application Thread] INFO  b.j.controllers.LoginController - LoginController initialized
702  [JavaFX Application Thread] ERROR b.j.controllers.LoginController - Root value already specified.
/C:/all/VUT-ukoly/T%c5%99et%c3%ad%20semestr/BDS/projekt3/car_factory/target/classes/bds.javafx/App.fxml
/C:/all/VUT-ukoly/T%c5%99et%c3%ad%20semestr/BDS/projekt3/car_factory/target/classes/bds.javafx/App.fxml

javafx.fxml.LoadException: Root value already specified.
/C:/all/VUT-ukoly/T%c5%99et%c3%ad%20semestr/BDS/projekt3/car_factory/target/classes/bds.javafx/App.fxml
/C:/all/VUT-ukoly/T%c5%99et%c3%ad%20semestr/BDS/projekt3/car_factory/target/classes/bds.javafx/App.fxml

	at javafx.fxml.FXMLLoader.constructLoadException(FXMLLoader.java:2703)
	at javafx.fxml.FXMLLoader.createElement(FXMLLoader.java:2856)
	at javafx.fxml.FXMLLoader.processStartElement(FXMLLoader.java:2805)
	at javafx.fxml.FXMLLoader.loadImpl(FXMLLoader.java:2634)
	at javafx.fxml.FXMLLoader.loadImpl(FXMLLoader.java:2548)
	at javafx.fxml.FXMLLoader.load(FXMLLoader.java:2516)
	at bds.javafx.App.start(App.java:50)
	at com.sun.javafx.application.LauncherImpl.lambda$launchApplication1$9(LauncherImpl.java:847)
	at com.sun.javafx.application.PlatformImpl.lambda$runAndWait$12(PlatformImpl.java:484)
	at com.sun.javafx.application.PlatformImpl.lambda$runLater$10(PlatformImpl.java:457)
	at java.base/java.security.AccessController.doPrivileged(AccessController.java:399)
	at com.sun.javafx.application.PlatformImpl.lambda$runLater$11(PlatformImpl.java:456)
	at com.sun.glass.ui.InvokeLaterDispatcher$Future.run(InvokeLaterDispatcher.java:96)
	at com.sun.glass.ui.win.WinApplication._runLoop(Native Method)
	at com.sun.glass.ui.win.WinApplication.lambda$runLoop$3(WinApplication.java:184)
	at java.base/java.lang.Thread.run(Thread.java:833)
730  [JavaFX Application Thread] INFO  b.j.controllers.LoginController - LoginController initialized
817  [JavaFX Application Thread] INFO  b.j.controllers.LoginController - LoginController initialized
808  [JavaFX Application Thread] INFO  b.j.controllers.LoginController - LoginController initialized
751  [JavaFX Application Thread] INFO  b.j.controllers.LoginController - LoginController initialized
767  [JavaFX Application Thread] INFO  b.j.controllers.LoginController - LoginController initialized
713  [JavaFX Application Thread] INFO  b.j.controllers.LoginController - LoginController initialized
770  [JavaFX Application Thread] INFO  b.j.controllers.LoginController - LoginController initialized
721  [JavaFX Application Thread] INFO  b.j.controllers.LoginController - LoginController initialized
704  [JavaFX Application Thread] INFO  b.j.controllers.LoginController - LoginController initialized
837  [JavaFX Application Thread] INFO  b.j.controllers.LoginController - LoginController initialized
32888 [JavaFX Application Thread] INFO  b.j.controllers.EmployeesController - EmployeesController initialized
47972 [JavaFX Application Thread] INFO  b.j.c.EmployeesDetailViewController - EmployeeDetailViewController initialized
774  [JavaFX Application Thread] INFO  b.j.controllers.LoginController - LoginController initialized
8080 [JavaFX Application Thread] INFO  b.j.controllers.EmployeesController - EmployeesController initialized
12045 [JavaFX Application Thread] INFO  b.j.c.EmployeesDetailViewController - EmployeeDetailViewController initialized
966  [JavaFX Application Thread] INFO  b.j.controllers.LoginController - LoginController initialized
4569 [JavaFX Application Thread] INFO  b.j.controllers.EmployeesController - EmployeesController initialized
7340 [JavaFX Application Thread] INFO  b.j.c.EmployeesDetailViewController - EmployeeDetailViewController initialized
869  [JavaFX Application Thread] INFO  b.j.controllers.LoginController - LoginController initialized
5793 [JavaFX Application Thread] INFO  b.j.controllers.EmployeesController - EmployeesController initialized
9642 [JavaFX Application Thread] INFO  b.j.c.EmployeesDetailViewController - EmployeeDetailViewController initialized
806  [JavaFX Application Thread] INFO  b.j.controllers.LoginController - LoginController initialized
7418 [JavaFX Application Thread] INFO  b.j.controllers.EmployeesController - EmployeesController initialized
11395 [JavaFX Application Thread] INFO  b.j.c.EmployeesDetailViewController - EmployeeDetailViewController initialized
25399 [JavaFX Application Thread] INFO  b.j.c.EmployeesDetailViewController - EmployeeDetailViewController initialized
872  [JavaFX Application Thread] INFO  b.j.controllers.LoginController - LoginController initialized
4413 [JavaFX Application Thread] INFO  b.j.controllers.EmployeesController - EmployeesController initialized
6865 [JavaFX Application Thread] INFO  b.j.c.EmployeesDetailViewController - EmployeeDetailViewController initialized
828  [JavaFX Application Thread] INFO  b.j.controllers.LoginController - LoginController initialized
4339 [JavaFX Application Thread] INFO  b.j.controllers.EmployeesController - EmployeesController initialized
7332 [JavaFX Application Thread] INFO  b.j.c.EmployeesDetailViewController - EmployeeDetailViewController initialized
19545 [JavaFX Application Thread] INFO  b.j.c.EmployeesDetailViewController - EmployeeDetailViewController initialized
714  [JavaFX Application Thread] INFO  b.j.controllers.LoginController - LoginController initialized
9375 [JavaFX Application Thread] INFO  b.j.controllers.EmployeesController - EmployeesController initialized
764  [JavaFX Application Thread] INFO  b.j.controllers.LoginController - LoginController initialized
4272 [JavaFX Application Thread] INFO  b.j.controllers.EmployeesController - EmployeesController initialized
764  [JavaFX Application Thread] INFO  b.j.controllers.LoginController - LoginController initialized
5000 [JavaFX Application Thread] INFO  b.j.controllers.EmployeesController - EmployeesController initialized
701  [JavaFX Application Thread] INFO  b.j.controllers.LoginController - LoginController initialized
4596 [JavaFX Application Thread] INFO  b.j.controllers.EmployeesController - EmployeesController initialized
1653 [JavaFX Application Thread] INFO  b.j.controllers.LoginController - LoginController initialized
4643 [JavaFX Application Thread] INFO  b.j.controllers.EmployeesController - EmployeesController initialized
659  [JavaFX Application Thread] INFO  b.j.controllers.LoginController - LoginController initialized
4568 [JavaFX Application Thread] INFO  b.j.controllers.EmployeesController - EmployeesController initialized
909  [JavaFX Application Thread] INFO  b.j.controllers.LoginController - LoginController initialized
4094 [JavaFX Application Thread] INFO  b.j.controllers.EmployeesController - EmployeesController initialized
851  [JavaFX Application Thread] INFO  b.j.controllers.LoginController - LoginController initialized
1200 [JavaFX Application Thread] INFO  b.j.controllers.LoginController - LoginController initialized
837  [JavaFX Application Thread] INFO  b.j.controllers.LoginController - LoginController initialized
958  [JavaFX Application Thread] INFO  b.j.controllers.LoginController - LoginController initialized
4558 [JavaFX Application Thread] INFO  b.j.controllers.EmployeesController - EmployeesController initialized
749  [JavaFX Application Thread] INFO  b.j.controllers.LoginController - LoginController initialized
5020 [JavaFX Application Thread] INFO  b.j.controllers.EmployeesController - EmployeesController initialized
685  [JavaFX Application Thread] INFO  b.j.controllers.LoginController - LoginController initialized
5178 [JavaFX Application Thread] INFO  b.j.controllers.EmployeesController - EmployeesController initialized
743  [JavaFX Application Thread] INFO  b.j.controllers.LoginController - LoginController initialized
3842 [JavaFX Application Thread] INFO  b.j.controllers.EmployeesController - EmployeesController initialized
873  [JavaFX Application Thread] INFO  b.j.controllers.LoginController - LoginController initialized
4236 [JavaFX Application Thread] INFO  b.j.controllers.EmployeesController - EmployeesController initialized
719  [JavaFX Application Thread] INFO  b.j.controllers.LoginController - LoginController initialized
8023 [JavaFX Application Thread] INFO  b.j.controllers.EmployeesController - EmployeesController initialized
48007 [JavaFX Application Thread] INFO  b.j.c.EmployeesDetailViewController - EmployeeDetailViewController initialized
59245 [JavaFX Application Thread] INFO  b.j.c.EmployeesDetailViewController - EmployeeDetailViewController initialized
61615 [JavaFX Application Thread] INFO  b.j.c.EmployeeEditController - PersonsEditController initialized
660  [JavaFX Application Thread] INFO  b.j.controllers.LoginController - LoginController initialized
15644 [JavaFX Application Thread] INFO  b.j.controllers.EmployeesController - EmployeesController initialized
29996 [JavaFX Application Thread] INFO  b.j.c.EmployeeEditController - PersonsEditController initialized
669  [JavaFX Application Thread] INFO  b.j.controllers.LoginController - LoginController initialized
5849 [JavaFX Application Thread] INFO  b.j.controllers.EmployeesController - EmployeesController initialized
14685 [JavaFX Application Thread] INFO  b.j.c.EmployeeEditController - PersonsEditController initialized
693  [JavaFX Application Thread] INFO  b.j.controllers.LoginController - LoginController initialized
10883 [JavaFX Application Thread] INFO  b.j.controllers.EmployeesController - EmployeesController initialized
15051 [JavaFX Application Thread] INFO  b.j.c.EmployeeEditController - PersonsEditController initialized
928  [JavaFX Application Thread] INFO  b.j.controllers.LoginController - LoginController initialized
13575 [JavaFX Application Thread] INFO  b.j.controllers.EmployeesController - EmployeesController initialized
17711 [JavaFX Application Thread] INFO  b.j.c.EmployeeEditController - PersonsEditController initialized
26589 [JavaFX Application Thread] INFO  b.j.c.EmployeeCreateController - EmployeeCreateController initialized
753  [JavaFX Application Thread] INFO  b.j.controllers.LoginController - LoginController initialized
5055 [JavaFX Application Thread] INFO  b.j.controllers.EmployeesController - EmployeesController initialized
11837 [JavaFX Application Thread] INFO  b.j.c.EmployeeEditController - PersonsEditController initialized
1084 [JavaFX Application Thread] INFO  b.j.controllers.LoginController - LoginController initialized
6273 [JavaFX Application Thread] INFO  b.j.controllers.EmployeesController - EmployeesController initialized
8871 [JavaFX Application Thread] INFO  b.j.c.EmployeeEditController - PersonsEditController initialized
668  [JavaFX Application Thread] INFO  b.j.controllers.LoginController - LoginController initialized
4347 [JavaFX Application Thread] INFO  b.j.controllers.EmployeesController - EmployeesController initialized
35702 [JavaFX Application Thread] INFO  b.j.c.EmployeeEditController - PersonsEditController initialized
75111 [JavaFX Application Thread] INFO  b.j.c.EmployeesDetailViewController - EmployeeDetailViewController initialized
1177 [JavaFX Application Thread] INFO  b.j.controllers.LoginController - LoginController initialized
770  [JavaFX Application Thread] INFO  b.j.controllers.LoginController - LoginController initialized
11694 [JavaFX Application Thread] INFO  b.j.controllers.EmployeesController - EmployeesController initialized
24071 [JavaFX Application Thread] INFO  b.j.c.EmployeeCreateController - EmployeeCreateController initialized
823  [JavaFX Application Thread] INFO  b.j.controllers.LoginController - LoginController initialized
4023 [JavaFX Application Thread] INFO  b.j.controllers.EmployeesController - EmployeesController initialized
12816 [JavaFX Application Thread] ERROR b.j.controllers.LoginController - Error resolving onMouseClicked='#handleCloseButton', either the event handler is not in the Namespace or there is an error in the script.
/C:/all/VUT-ukoly/T%c5%99et%c3%ad%20semestr/BDS/projekt3/car_factory/target/classes/bds.javafx/fxml/EmployeeCreate.fxml:81

javafx.fxml.LoadException: Error resolving onMouseClicked='#handleCloseButton', either the event handler is not in the Namespace or there is an error in the script.
/C:/all/VUT-ukoly/T%c5%99et%c3%ad%20semestr/BDS/projekt3/car_factory/target/classes/bds.javafx/fxml/EmployeeCreate.fxml:81

	at javafx.fxml.FXMLLoader.constructLoadException(FXMLLoader.java:2703)
	at javafx.fxml.FXMLLoader$Element.processEventHandlerAttributes(FXMLLoader.java:621)
	at javafx.fxml.FXMLLoader$ValueElement.processEndElement(FXMLLoader.java:781)
	at javafx.fxml.FXMLLoader.processEndElement(FXMLLoader.java:2924)
	at javafx.fxml.FXMLLoader.loadImpl(FXMLLoader.java:2639)
	at javafx.fxml.FXMLLoader.loadImpl(FXMLLoader.java:2548)
	at javafx.fxml.FXMLLoader.load(FXMLLoader.java:2516)
	at bds.javafx.controllers.EmployeesController.handleAddEmployeeButton(EmployeesController.java:211)
	at java.base/jdk.internal.reflect.NativeMethodAccessorImpl.invoke0(Native Method)
	at java.base/jdk.internal.reflect.NativeMethodAccessorImpl.invoke(NativeMethodAccessorImpl.java:77)
	at java.base/jdk.internal.reflect.DelegatingMethodAccessorImpl.invoke(DelegatingMethodAccessorImpl.java:43)
	at java.base/java.lang.reflect.Method.invoke(Method.java:568)
	at com.sun.javafx.reflect.Trampoline.invoke(MethodUtil.java:77)
	at jdk.internal.reflect.GeneratedMethodAccessor5.invoke(Unknown Source)
	at java.base/jdk.internal.reflect.DelegatingMethodAccessorImpl.invoke(DelegatingMethodAccessorImpl.java:43)
	at java.base/java.lang.reflect.Method.invoke(Method.java:568)
	at com.sun.javafx.reflect.MethodUtil.invoke(MethodUtil.java:275)
	at com.sun.javafx.fxml.MethodHelper.invoke(MethodHelper.java:84)
	at javafx.fxml.FXMLLoader$MethodHandler.invoke(FXMLLoader.java:1852)
	at javafx.fxml.FXMLLoader$ControllerMethodEventHandler.handle(FXMLLoader.java:1724)
	at com.sun.javafx.event.CompositeEventHandler.dispatchBubblingEvent(CompositeEventHandler.java:86)
	at com.sun.javafx.event.EventHandlerManager.dispatchBubblingEvent(EventHandlerManager.java:234)
	at com.sun.javafx.event.EventHandlerManager.dispatchBubblingEvent(EventHandlerManager.java:191)
	at com.sun.javafx.event.CompositeEventDispatcher.dispatchBubblingEvent(CompositeEventDispatcher.java:59)
	at com.sun.javafx.event.BasicEventDispatcher.dispatchEvent(BasicEventDispatcher.java:58)
	at com.sun.javafx.event.EventDispatchChainImpl.dispatchEvent(EventDispatchChainImpl.java:114)
	at com.sun.javafx.event.BasicEventDispatcher.dispatchEvent(BasicEventDispatcher.java:56)
	at com.sun.javafx.event.EventDispatchChainImpl.dispatchEvent(EventDispatchChainImpl.java:114)
	at com.sun.javafx.event.BasicEventDispatcher.dispatchEvent(BasicEventDispatcher.java:56)
	at com.sun.javafx.event.EventDispatchChainImpl.dispatchEvent(EventDispatchChainImpl.java:114)
	at com.sun.javafx.event.EventUtil.fireEventImpl(EventUtil.java:74)
	at com.sun.javafx.event.EventUtil.fireEvent(EventUtil.java:49)
	at javafx.event.Event.fireEvent(Event.java:198)
	at javafx.scene.Node.fireEvent(Node.java:8792)
	at javafx.scene.control.Button.fire(Button.java:203)
	at com.sun.javafx.scene.control.behavior.ButtonBehavior.mouseReleased(ButtonBehavior.java:208)
	at com.sun.javafx.scene.control.inputmap.InputMap.handle(InputMap.java:274)
	at com.sun.javafx.event.CompositeEventHandler$NormalEventHandlerRecord.handleBubblingEvent(CompositeEventHandler.java:247)
	at com.sun.javafx.event.CompositeEventHandler.dispatchBubblingEvent(CompositeEventHandler.java:80)
	at com.sun.javafx.event.EventHandlerManager.dispatchBubblingEvent(EventHandlerManager.java:234)
	at com.sun.javafx.event.EventHandlerManager.dispatchBubblingEvent(EventHandlerManager.java:191)
	at com.sun.javafx.event.CompositeEventDispatcher.dispatchBubblingEvent(CompositeEventDispatcher.java:59)
	at com.sun.javafx.event.BasicEventDispatcher.dispatchEvent(BasicEventDispatcher.java:58)
	at com.sun.javafx.event.EventDispatchChainImpl.dispatchEvent(EventDispatchChainImpl.java:114)
	at com.sun.javafx.event.BasicEventDispatcher.dispatchEvent(BasicEventDispatcher.java:56)
	at com.sun.javafx.event.EventDispatchChainImpl.dispatchEvent(EventDispatchChainImpl.java:114)
	at com.sun.javafx.event.BasicEventDispatcher.dispatchEvent(BasicEventDispatcher.java:56)
	at com.sun.javafx.event.EventDispatchChainImpl.dispatchEvent(EventDispatchChainImpl.java:114)
	at com.sun.javafx.event.EventUtil.fireEventImpl(EventUtil.java:74)
	at com.sun.javafx.event.EventUtil.fireEvent(EventUtil.java:54)
	at javafx.event.Event.fireEvent(Event.java:198)
	at javafx.scene.Scene$MouseHandler.process(Scene.java:3897)
	at javafx.scene.Scene.processMouseEvent(Scene.java:1878)
	at javafx.scene.Scene$ScenePeerListener.mouseEvent(Scene.java:2623)
	at com.sun.javafx.tk.quantum.GlassViewEventHandler$MouseEventNotification.run(GlassViewEventHandler.java:411)
	at com.sun.javafx.tk.quantum.GlassViewEventHandler$MouseEventNotification.run(GlassViewEventHandler.java:301)
	at java.base/java.security.AccessController.doPrivileged(AccessController.java:399)
	at com.sun.javafx.tk.quantum.GlassViewEventHandler.lambda$handleMouseEvent$2(GlassViewEventHandler.java:450)
	at com.sun.javafx.tk.quantum.QuantumToolkit.runWithoutRenderLock(QuantumToolkit.java:424)
	at com.sun.javafx.tk.quantum.GlassViewEventHandler.handleMouseEvent(GlassViewEventHandler.java:449)
	at com.sun.glass.ui.View.handleMouseEvent(View.java:557)
	at com.sun.glass.ui.View.notifyMouse(View.java:943)
	at com.sun.glass.ui.win.WinApplication._runLoop(Native Method)
	at com.sun.glass.ui.win.WinApplication.lambda$runLoop$3(WinApplication.java:184)
	at java.base/java.lang.Thread.run(Thread.java:833)
852  [JavaFX Application Thread] INFO  b.j.controllers.LoginController - LoginController initialized
4638 [JavaFX Application Thread] INFO  b.j.controllers.EmployeesController - EmployeesController initialized
14049 [JavaFX Application Thread] INFO  b.j.c.EmployeeCreateController - EmployeeCreateController initialized
999  [JavaFX Application Thread] INFO  b.j.controllers.LoginController - LoginController initialized
3992 [JavaFX Application Thread] INFO  b.j.controllers.EmployeesController - EmployeesController initialized
720  [JavaFX Application Thread] INFO  b.j.controllers.LoginController - LoginController initialized
10786 [JavaFX Application Thread] INFO  b.j.controllers.EmployeesController - EmployeesController initialized
28852 [JavaFX Application Thread] INFO  b.j.c.EmployeeEditController - PersonsEditController initialized
40565 [JavaFX Application Thread] INFO  b.j.c.EmployeeCreateController - EmployeeCreateController initialized
640  [JavaFX Application Thread] INFO  b.j.controllers.LoginController - LoginController initialized
4746 [JavaFX Application Thread] INFO  b.j.controllers.EmployeesController - EmployeesController initialized
17947 [JavaFX Application Thread] INFO  b.j.c.EmployeeCreateController - EmployeeCreateController initialized
850  [JavaFX Application Thread] INFO  b.j.controllers.LoginController - LoginController initialized
5222 [JavaFX Application Thread] INFO  b.j.controllers.EmployeesController - EmployeesController initialized
8223 [JavaFX Application Thread] INFO  b.j.c.EmployeeCreateController - EmployeeCreateController initialized
705  [JavaFX Application Thread] INFO  b.j.controllers.LoginController - LoginController initialized
4685 [JavaFX Application Thread] INFO  b.j.controllers.EmployeesController - EmployeesController initialized
801  [JavaFX Application Thread] INFO  b.j.controllers.LoginController - LoginController initialized
754  [JavaFX Application Thread] INFO  b.j.controllers.LoginController - LoginController initialized
3981 [JavaFX Application Thread] INFO  b.j.controllers.EmployeesController - EmployeesController initialized
63679 [JavaFX Application Thread] INFO  b.j.c.EmployeeCreateController - EmployeeCreateController initialized
